<?xml version="1.0" encoding="UTF-8"?>
<testng-results ignored="0" total="1" passed="1" failed="0" skipped="0">
  <reporter-output>
  </reporter-output>
  <suite started-at="2022-03-28T16:06:06 IST" name="Default suite" finished-at="2022-03-28T16:07:16 IST" duration-ms="70466">
    <groups>
    </groups>
    <test started-at="2022-03-28T16:06:06 IST" name="Default test" finished-at="2022-03-28T16:07:16 IST" duration-ms="70466">
      <class name="practicalpractice.Parameter">
        <test-method signature="login()[pri:0, instance:practicalpractice.Parameter@793be5ca]" started-at="2022-03-28T16:06:06 IST" name="login" finished-at="2022-03-28T16:07:16 IST" duration-ms="70305" status="PASS">
          <reporter-output>
          </reporter-output>
        </test-method> <!-- login -->
      </class> <!-- practicalpractice.Parameter -->
    </test> <!-- Default test -->
  </suite> <!-- Default suite -->
</testng-results>
