<?xml version="1.0" encoding="UTF-8"?>
<testng-results ignored="1" total="2" passed="1" failed="0" skipped="0">
  <reporter-output>
  </reporter-output>
  <suite started-at="2022-03-28T15:01:13 IST" name="Default suite" finished-at="2022-03-28T15:01:13 IST" duration-ms="147">
    <groups>
    </groups>
    <test started-at="2022-03-28T15:01:13 IST" name="Default test" finished-at="2022-03-28T15:01:13 IST" duration-ms="147">
      <class name="practicalpractice.CreateCampaignTest">
        <test-method signature="createCampaignIndustry()[pri:0, instance:practicalpractice.CreateCampaignTest@625732]" started-at="2022-03-28T15:01:13 IST" name="createCampaignIndustry" finished-at="2022-03-28T15:01:13 IST" duration-ms="18" status="PASS">
          <reporter-output>
          </reporter-output>
        </test-method> <!-- createCampaignIndustry -->
      </class> <!-- practicalpractice.CreateCampaignTest -->
    </test> <!-- Default test -->
  </suite> <!-- Default suite -->
</testng-results>
