<?xml version="1.0" encoding="UTF-8"?>
<!-- Generated by org.testng.reporters.JUnitXMLReporter -->
<testsuite ignored="1" hostname="DESKTOP-FM8OD3M" failures="0" tests="1" name="Default test" time="0.147" errors="0" timestamp="2022-03-28T15:01:14 IST">
  <testcase classname="practicalpractice.CreateCampaignTest" name="createCampaignIndustry" time="0.018"/>
  <testcase classname="practicalpractice.CreateCampaignTest" name="createCampaignNameTest" time="0.0">
    <ignored/>
  </testcase> <!-- createCampaignNameTest -->
</testsuite> <!-- Default test -->
